<?xml version="1.0" encoding="UTF-8"?>
<beans xmlns="http://www.springframework.org/schema/beans"
	xmlns:xsi="http://www.w3.org/2001/XMLSchema-instance"
	xmlns:jdbc="http://www.springframework.org/schema/jdbc"
	xmlns:util="http://www.springframework.org/schema/util"
	xmlns:p="http://www.springframework.org/schema/p"
		xmlns:tx="http://www.springframework.org/schema/tx"
	xmlns:context="http://www.springframework.org/schema/context"
	xsi:schemaLocation="http://www.springframework.org/schema/jdbc http://www.springframework.org/schema/jdbc/spring-jdbc.xsd
		http://www.springframework.org/schema/beans http://www.springframework.org/schema/beans/spring-beans.xsd
		http://www.springframework.org/schema/util http://www.springframework.org/schema/util/spring-util-3.0.xsd
		http://www.springframework.org/schema/tx http://www.springframework.org/schema/tx/spring-tx.xsd
		http://www.springframework.org/schema/context http://www.springframework.org/schema/context/spring-context.xsd">

	<tx:annotation-driven />

	<bean id="transactionManager"
		class="org.springframework.orm.jpa.JpaTransactionManager"
		p:entityManagerFactory-ref="entityManagerFactory"/>

	<bean id="entityManagerFactory"
		class="org.springframework.orm.jpa.LocalContainerEntityManagerFactoryBean"
		p:persistenceProviderClass="org.eclipse.persistence.jpa.PersistenceProvider"
		p:persistenceUnitManager-ref="persistenceUnitManager"
		p:persistenceUnitName="dbsReportsPU"
		p:jpaVendorAdapter-ref="jpaVendorAdapter"
		p:jpaProperties-ref="jpaProperties"/>

	<bean id="persistenceUnitManager"
		class="org.springframework.orm.jpa.persistenceunit.DefaultPersistenceUnitManager"
		p:persistenceXmlLocation="classpath*:META-INF/reports_persistence.xml"
		p:dataSources-ref="jpaDataSources"/>

    <util:map id="jpaDataSources">
		<entry key="jtaDataSource" value-ref="reports.test.data.source"/>
		<entry key="nonJtaDataSource" value-ref="reports.test.data.source"/>
	</util:map>
	
	<jdbc:embedded-database id="reports.test.data.source" type="HSQL">
		<jdbc:script location="classpath:/pl/com/dbs/reports/schema.sql"/>
	</jdbc:embedded-database>

	<bean id="jpaVendorAdapter"
		class="org.springframework.orm.jpa.vendor.EclipseLinkJpaVendorAdapter"
   		p:showSql="true" />

	<util:properties id="jpaProperties">
		<prop key="javax.persistence.transactionType">RESOURCE_LOCAL</prop>
		<prop key="eclipselink.target-server">None</prop>
		<prop key="eclipselink.weaving">false</prop>
		<prop key="eclipselink.logging.level">FINEST</prop>
		<prop key="eclipselink.jdbc.bind-parameters">false</prop>
	</util:properties>
	
</beans>


